Converting images
Compiling gui/src/settings_screen/SETTINGSView.cpp
Compiling gui/src/acceleration_screen/ACCELERATIONView.cpp
Compiling gui/src/acceleration_screen/ACCELERATIONPresenter.cpp
Compiling generated/gui_generated/src/common/FrontendApplicationBase.cpp
Compiling simulator/main.cpp
In file included from gui/src/acceleration_screen/ACCELERATIONView.cpp:1:0:
gui/include/gui/acceleration_screen/ACCELERATIONView.hpp:7:21: fatal error: general.h: No such file or directory
 #include <general.h>
                     ^
compilation terminated.
In file included from gui/src/acceleration_screen/ACCELERATIONPresenter.cpp:1:0:
gui/include/gui/acceleration_screen/ACCELERATIONView.hpp:7:21: fatal error: general.h: No such file or directory
 #include <general.h>
                     ^
compilation terminated.
In file included from gui/src/settings_screen/SETTINGSView.cpp:1:0:
gui/include/gui/settings_screen/SETTINGSView.hpp:7:21: fatal error: general.h: No such file or directory
 #include <general.h>
                     ^
compilation terminated.
simulator/gcc/Makefile:220: recipe for target 'build/MINGW32_NT-6.2/gui/src/acceleration_screen/ACCELERATIONView.o' failed
make[2]: *** [build/MINGW32_NT-6.2/gui/src/acceleration_screen/ACCELERATIONView.o] Error 1
make[2]: *** Waiting for unfinished jobs....
simulator/gcc/Makefile:220: recipe for target 'build/MINGW32_NT-6.2/gui/src/acceleration_screen/ACCELERATIONPresenter.o' failed
make[2]: *** [build/MINGW32_NT-6.2/gui/src/acceleration_screen/ACCELERATIONPresenter.o] Error 1
simulator/gcc/Makefile:220: recipe for target 'build/MINGW32_NT-6.2/gui/src/settings_screen/SETTINGSView.o' failed
make[2]: *** [build/MINGW32_NT-6.2/gui/src/settings_screen/SETTINGSView.o] Error 1
In file included from generated/gui_generated/include/gui_generated/common/FrontendHeapBase.hpp:57:0,
                 from gui/include/gui/common/FrontendHeap.hpp:4,
                 from generated/gui_generated/src/common/FrontendApplicationBase.cpp:6:
gui/include/gui/endurance_screen/ENDURANCEView.hpp:7:21: fatal error: general.h: No such file or directory
 #include <general.h>
                     ^
compilation terminated.
simulator/gcc/Makefile:220: recipe for target 'build/MINGW32_NT-6.2/generated/gui_generated/src/common/FrontendApplicationBase.o' failed
make[2]: *** [build/MINGW32_NT-6.2/generated/gui_generated/src/common/FrontendApplicationBase.o] Error 1
In file included from generated/gui_generated/include/gui_generated/common/FrontendHeapBase.hpp:57:0,
                 from gui/include/gui/common/FrontendHeap.hpp:4,
                 from ../Middlewares/ST/TouchGFX/touchgfx///framework/include/common/TouchGFXInit.hpp:25,
                 from simulator/main.cpp:3:
gui/include/gui/endurance_screen/ENDURANCEView.hpp:7:21: fatal error: general.h: No such file or directory
 #include <general.h>
                     ^
compilation terminated.
simulator/gcc/Makefile:220: recipe for target 'build/MINGW32_NT-6.2/simulator/main.o' failed
make[2]: *** [build/MINGW32_NT-6.2/simulator/main.o] Error 1
simulator/gcc/Makefile:182: recipe for target 'generate_assets' failed
make[1]: *** [generate_assets] Error 2
simulator/gcc/Makefile:40: recipe for target 'all' failed
make: *** [all] Error 2
